This file contains any messages produced by compilers while
running configure, to aid debugging if configure makes a mistake.

It was created by ergo-telescope configure 1.4, which was
generated by GNU Autoconf 2.71.  Invocation command line was

  $ ./configure

## --------- ##
## Platform. ##
## --------- ##

hostname = Iphone-XI
uname -m = x86_64
uname -r = 5.15.26-hardened1-1-hardened
uname -s = Linux
uname -v = #1 SMP PREEMPT Thu, 03 Mar 2022 18:28:43 +0000

/usr/bin/uname -p = unknown
/bin/uname -X     = unknown

/bin/arch              = unknown
/usr/bin/arch -k       = unknown
/usr/convex/getsysinfo = unknown
/usr/bin/hostinfo      = unknown
/bin/machine           = unknown
/usr/bin/oslevel       = unknown
/bin/universe          = unknown

PATH: /usr/local/sbin/
PATH: /usr/sbin/
PATH: /sbin/
PATH: /usr/local/bin/
PATH: /usr/bin/
PATH: /bin/
PATH: /usr/local/games/
PATH: /usr/games/
PATH: /usr/lib/ccache/
PATH: ~/.local/bin/


## ----------- ##
## Core tests. ##
## ----------- ##

configure:2384: looking for aux files: missing install-sh
configure:2397:  trying ./
configure:2426:   ./missing found
configure:2408:   ./install-sh found
configure:2556: checking for a BSD-compatible install
configure:2629: result: /usr/bin/install -c
configure:2640: checking whether build environment is sane
configure:2695: result: yes
configure:2854: checking for a race-free mkdir -p
configure:2898: result: /usr/sbin/mkdir -p
configure:2905: checking for gawk
configure:2926: found /usr/sbin/gawk
configure:2937: result: gawk
configure:2948: checking whether make sets $(MAKE)
configure:2971: result: yes
configure:3001: checking whether make supports nested variables
configure:3019: result: yes
configure:3234: checking for g++
configure:3255: found /usr/sbin/g++
configure:3266: result: g++
configure:3293: checking for C++ compiler version
configure:3302: g++ --version >&5
g++ (GCC) 11.2.0
Copyright (C) 2021 Free Software Foundation, Inc.
This is free software; see the source for copying conditions.  There is NO
warranty; not even for MERCHANTABILITY or FITNESS FOR A PARTICULAR PURPOSE.

configure:3313: $? = 0
configure:3302: g++ -v >&5
Using built-in specs.
COLLECT_GCC=g++
COLLECT_LTO_WRAPPER=/usr/lib/gcc/x86_64-pc-linux-gnu/11.2.0/lto-wrapper
Target: x86_64-pc-linux-gnu
Configured with: /build/gcc/src/gcc/configure --enable-languages=c,c++,ada,fortran,go,lto,objc,obj-c++,d --enable-bootstrap --prefix=/usr --libdir=/usr/lib --libexecdir=/usr/lib --mandir=/usr/share/man --infodir=/usr/share/info --with-bugurl=https://bugs.archlinux.org/ --with-linker-hash-style=gnu --with-system-zlib --enable-__cxa_atexit --enable-cet=auto --enable-checking=release --enable-clocale=gnu --enable-default-pie --enable-default-ssp --enable-gnu-indirect-function --enable-gnu-unique-object --enable-linker-build-id --enable-lto --enable-multilib --enable-plugin --enable-shared --enable-threads=posix --disable-libssp --disable-libstdcxx-pch --disable-werror --with-build-config=bootstrap-lto --enable-link-serialization=1 gdc_include_dir=/usr/include/dlang/gdc
Thread model: posix
Supported LTO compression algorithms: zlib zstd
gcc version 11.2.0 (GCC) 
configure:3313: $? = 0
configure:3302: g++ -V >&5
g++: error: unrecognized command-line option '-V'
g++: fatal error: no input files
compilation terminated.
configure:3313: $? = 1
configure:3302: g++ -qversion >&5
g++: error: unrecognized command-line option '-qversion'; did you mean '--version'?
g++: fatal error: no input files
compilation terminated.
configure:3313: $? = 1
configure:3333: checking whether the C++ compiler works
configure:3355: g++    conftest.cpp  >&5
configure:3359: $? = 0
configure:3409: result: yes
configure:3412: checking for C++ compiler default output file name
configure:3414: result: a.out
configure:3420: checking for suffix of executables
configure:3427: g++ -o conftest    conftest.cpp  >&5
configure:3431: $? = 0
configure:3454: result: 
configure:3476: checking whether we are cross compiling
configure:3484: g++ -o conftest    conftest.cpp  >&5
configure:3488: $? = 0
configure:3495: ./conftest
configure:3499: $? = 0
configure:3514: result: no
configure:3519: checking for suffix of object files
configure:3542: g++ -c   conftest.cpp >&5
configure:3546: $? = 0
configure:3568: result: o
configure:3572: checking whether the compiler supports GNU C++
configure:3592: g++ -c   conftest.cpp >&5
configure:3592: $? = 0
configure:3602: result: yes
configure:3613: checking whether g++ accepts -g
configure:3634: g++ -c -g  conftest.cpp >&5
configure:3634: $? = 0
configure:3678: result: yes
configure:3698: checking for g++ option to enable C++11 features
configure:3713: g++  -c -g -O2  conftest.cpp >&5
conftest.cpp: In function 'int main(int, char**)':
conftest.cpp:177:25: warning: empty parentheses were disambiguated as a function declaration [-Wvexing-parse]
  177 |   cxx11test::delegate d2();
      |                         ^~
conftest.cpp:177:25: note: remove parentheses to default-initialize a variable
  177 |   cxx11test::delegate d2();
      |                         ^~
      |                         --
conftest.cpp:177:25: note: or replace parentheses with braces to value-initialize a variable
configure:3713: $? = 0
configure:3731: result: none needed
configure:3798: checking whether make supports the include directive
configure:3813: make -f confmf.GNU && cat confinc.out
this is the am__doit target
configure:3816: $? = 0
configure:3835: result: yes (GNU style)
configure:3861: checking dependency style of g++
configure:3973: result: gcc3
configure:3998: checking for stdio.h
configure:3998: g++ -c -g -O2 -std=c++0x  conftest.cpp >&5
configure:3998: $? = 0
configure:3998: result: yes
configure:3998: checking for stdlib.h
configure:3998: g++ -c -g -O2 -std=c++0x  conftest.cpp >&5
configure:3998: $? = 0
configure:3998: result: yes
configure:3998: checking for string.h
configure:3998: g++ -c -g -O2 -std=c++0x  conftest.cpp >&5
configure:3998: $? = 0
configure:3998: result: yes
configure:3998: checking for inttypes.h
configure:3998: g++ -c -g -O2 -std=c++0x  conftest.cpp >&5
configure:3998: $? = 0
configure:3998: result: yes
configure:3998: checking for stdint.h
configure:3998: g++ -c -g -O2 -std=c++0x  conftest.cpp >&5
configure:3998: $? = 0
configure:3998: result: yes
configure:3998: checking for strings.h
configure:3998: g++ -c -g -O2 -std=c++0x  conftest.cpp >&5
configure:3998: $? = 0
configure:3998: result: yes
configure:3998: checking for sys/stat.h
configure:3998: g++ -c -g -O2 -std=c++0x  conftest.cpp >&5
configure:3998: $? = 0
configure:3998: result: yes
configure:3998: checking for sys/types.h
configure:3998: g++ -c -g -O2 -std=c++0x  conftest.cpp >&5
configure:3998: $? = 0
configure:3998: result: yes
configure:3998: checking for unistd.h
configure:3998: g++ -c -g -O2 -std=c++0x  conftest.cpp >&5
configure:3998: $? = 0
configure:3998: result: yes
configure:4023: checking for fcntl.h
configure:4023: g++ -c -g -O2 -std=c++0x  conftest.cpp >&5
configure:4023: $? = 0
configure:4023: result: yes
configure:4029: checking for inttypes.h
configure:4029: result: yes
configure:4035: checking for stdint.h
configure:4035: result: yes
configure:4041: checking for stdlib.h
configure:4041: result: yes
configure:4047: checking for string.h
configure:4047: result: yes
configure:4053: checking for termios.h
configure:4053: g++ -c -g -O2 -std=c++0x  conftest.cpp >&5
configure:4053: $? = 0
configure:4053: result: yes
configure:4059: checking for unistd.h
configure:4059: result: yes
configure:4068: checking for int32_t
configure:4068: g++ -c -g -O2 -std=c++0x  conftest.cpp >&5
configure:4068: $? = 0
configure:4068: g++ -c -g -O2 -std=c++0x  conftest.cpp >&5
conftest.cpp: In function 'int main()':
conftest.cpp:61:67: warning: integer overflow in expression of type 'int32_t' {aka 'int'} results in '-2147483648' [-Woverflow]
   61 |                  < (int32_t) (((((int32_t) 1 << N) << N) - 1) * 2 + 2))];
      |                               ~~~~~~~~~~~~~~~~~~~~~~~~~~~~~~~~~~~~^~~
conftest.cpp:60:26: error: size '-1' of array 'test_array' is negative
   60 | static int test_array [1 - 2 * !((int32_t) (((((int32_t) 1 << N) << N) - 1) * 2 + 1)
      |                        ~~^~~~~~~~~~~~~~~~~~~~~~~~~~~~~~~~~~~~~~~~~~~~~~~~~~~~~~~~~~~
   61 |                  < (int32_t) (((((int32_t) 1 << N) << N) - 1) * 2 + 2))];
      |                  ~~~~~~~~~~~~~~~~~~~~~~~~~~~~~~~~~~~~~~~~~~~~~~~~~~~~~~
configure:4068: $? = 1
configure: failed program was:
| /* confdefs.h */
| #define PACKAGE_NAME "ergo-telescope"
| #define PACKAGE_TARNAME "ergo-telescope"
| #define PACKAGE_VERSION "1.4"
| #define PACKAGE_STRING "ergo-telescope 1.4"
| #define PACKAGE_BUGREPORT "matthew.d.weger@gmail.com"
| #define PACKAGE_URL ""
| #define PACKAGE "ergo-telescope"
| #define VERSION "1.4"
| #define HAVE_STDIO_H 1
| #define HAVE_STDLIB_H 1
| #define HAVE_STRING_H 1
| #define HAVE_INTTYPES_H 1
| #define HAVE_STDINT_H 1
| #define HAVE_STRINGS_H 1
| #define HAVE_SYS_STAT_H 1
| #define HAVE_SYS_TYPES_H 1
| #define HAVE_UNISTD_H 1
| #define STDC_HEADERS 1
| #define HAVE_FCNTL_H 1
| #define HAVE_INTTYPES_H 1
| #define HAVE_STDINT_H 1
| #define HAVE_STDLIB_H 1
| #define HAVE_STRING_H 1
| #define HAVE_TERMIOS_H 1
| #define HAVE_UNISTD_H 1
| /* end confdefs.h.  */
| #include <stddef.h>
| #ifdef HAVE_STDIO_H
| # include <stdio.h>
| #endif
| #ifdef HAVE_STDLIB_H
| # include <stdlib.h>
| #endif
| #ifdef HAVE_STRING_H
| # include <string.h>
| #endif
| #ifdef HAVE_INTTYPES_H
| # include <inttypes.h>
| #endif
| #ifdef HAVE_STDINT_H
| # include <stdint.h>
| #endif
| #ifdef HAVE_STRINGS_H
| # include <strings.h>
| #endif
| #ifdef HAVE_SYS_TYPES_H
| # include <sys/types.h>
| #endif
| #ifdef HAVE_SYS_STAT_H
| # include <sys/stat.h>
| #endif
| #ifdef HAVE_UNISTD_H
| # include <unistd.h>
| #endif
| 	        enum { N = 32 / 2 - 1 };
| int
| main (void)
| {
| static int test_array [1 - 2 * !((int32_t) (((((int32_t) 1 << N) << N) - 1) * 2 + 1)
| 		 < (int32_t) (((((int32_t) 1 << N) << N) - 1) * 2 + 2))];
| test_array [0] = 0;
| return test_array [0];
| 
|   ;
|   return 0;
| }
configure:4068: result: yes
configure:4077: checking for size_t
configure:4077: g++ -c -g -O2 -std=c++0x  conftest.cpp >&5
configure:4077: $? = 0
configure:4077: g++ -c -g -O2 -std=c++0x  conftest.cpp >&5
conftest.cpp: In function 'int main()':
conftest.cpp:59:20: error: expected primary-expression before ')' token
   59 | if (sizeof ((size_t)))
      |                    ^
configure:4077: $? = 1
configure: failed program was:
| /* confdefs.h */
| #define PACKAGE_NAME "ergo-telescope"
| #define PACKAGE_TARNAME "ergo-telescope"
| #define PACKAGE_VERSION "1.4"
| #define PACKAGE_STRING "ergo-telescope 1.4"
| #define PACKAGE_BUGREPORT "matthew.d.weger@gmail.com"
| #define PACKAGE_URL ""
| #define PACKAGE "ergo-telescope"
| #define VERSION "1.4"
| #define HAVE_STDIO_H 1
| #define HAVE_STDLIB_H 1
| #define HAVE_STRING_H 1
| #define HAVE_INTTYPES_H 1
| #define HAVE_STDINT_H 1
| #define HAVE_STRINGS_H 1
| #define HAVE_SYS_STAT_H 1
| #define HAVE_SYS_TYPES_H 1
| #define HAVE_UNISTD_H 1
| #define STDC_HEADERS 1
| #define HAVE_FCNTL_H 1
| #define HAVE_INTTYPES_H 1
| #define HAVE_STDINT_H 1
| #define HAVE_STDLIB_H 1
| #define HAVE_STRING_H 1
| #define HAVE_TERMIOS_H 1
| #define HAVE_UNISTD_H 1
| /* end confdefs.h.  */
| #include <stddef.h>
| #ifdef HAVE_STDIO_H
| # include <stdio.h>
| #endif
| #ifdef HAVE_STDLIB_H
| # include <stdlib.h>
| #endif
| #ifdef HAVE_STRING_H
| # include <string.h>
| #endif
| #ifdef HAVE_INTTYPES_H
| # include <inttypes.h>
| #endif
| #ifdef HAVE_STDINT_H
| # include <stdint.h>
| #endif
| #ifdef HAVE_STRINGS_H
| # include <strings.h>
| #endif
| #ifdef HAVE_SYS_TYPES_H
| # include <sys/types.h>
| #endif
| #ifdef HAVE_SYS_STAT_H
| # include <sys/stat.h>
| #endif
| #ifdef HAVE_UNISTD_H
| # include <unistd.h>
| #endif
| int
| main (void)
| {
| if (sizeof ((size_t)))
| 	    return 0;
|   ;
|   return 0;
| }
configure:4077: result: yes
configure:4087: checking for ssize_t
configure:4087: g++ -c -g -O2 -std=c++0x  conftest.cpp >&5
configure:4087: $? = 0
configure:4087: g++ -c -g -O2 -std=c++0x  conftest.cpp >&5
conftest.cpp: In function 'int main()':
conftest.cpp:59:21: error: expected primary-expression before ')' token
   59 | if (sizeof ((ssize_t)))
      |                     ^
configure:4087: $? = 1
configure: failed program was:
| /* confdefs.h */
| #define PACKAGE_NAME "ergo-telescope"
| #define PACKAGE_TARNAME "ergo-telescope"
| #define PACKAGE_VERSION "1.4"
| #define PACKAGE_STRING "ergo-telescope 1.4"
| #define PACKAGE_BUGREPORT "matthew.d.weger@gmail.com"
| #define PACKAGE_URL ""
| #define PACKAGE "ergo-telescope"
| #define VERSION "1.4"
| #define HAVE_STDIO_H 1
| #define HAVE_STDLIB_H 1
| #define HAVE_STRING_H 1
| #define HAVE_INTTYPES_H 1
| #define HAVE_STDINT_H 1
| #define HAVE_STRINGS_H 1
| #define HAVE_SYS_STAT_H 1
| #define HAVE_SYS_TYPES_H 1
| #define HAVE_UNISTD_H 1
| #define STDC_HEADERS 1
| #define HAVE_FCNTL_H 1
| #define HAVE_INTTYPES_H 1
| #define HAVE_STDINT_H 1
| #define HAVE_STDLIB_H 1
| #define HAVE_STRING_H 1
| #define HAVE_TERMIOS_H 1
| #define HAVE_UNISTD_H 1
| /* end confdefs.h.  */
| #include <stddef.h>
| #ifdef HAVE_STDIO_H
| # include <stdio.h>
| #endif
| #ifdef HAVE_STDLIB_H
| # include <stdlib.h>
| #endif
| #ifdef HAVE_STRING_H
| # include <string.h>
| #endif
| #ifdef HAVE_INTTYPES_H
| # include <inttypes.h>
| #endif
| #ifdef HAVE_STDINT_H
| # include <stdint.h>
| #endif
| #ifdef HAVE_STRINGS_H
| # include <strings.h>
| #endif
| #ifdef HAVE_SYS_TYPES_H
| # include <sys/types.h>
| #endif
| #ifdef HAVE_SYS_STAT_H
| # include <sys/stat.h>
| #endif
| #ifdef HAVE_UNISTD_H
| # include <unistd.h>
| #endif
| int
| main (void)
| {
| if (sizeof ((ssize_t)))
| 	    return 0;
|   ;
|   return 0;
| }
configure:4087: result: yes
configure:4097: checking for uint8_t
configure:4097: g++ -c -g -O2 -std=c++0x  conftest.cpp >&5
configure:4097: $? = 0
configure:4097: result: yes
configure:4111: checking for memset
configure:4111: g++ -o conftest -g -O2 -std=c++0x   conftest.cpp  >&5
conftest.cpp:44:6: warning: declaration of 'char memset()' conflicts with built-in declaration 'void* memset(void*, int, long unsigned int)' [-Wbuiltin-declaration-mismatch]
   44 | char memset ();
      |      ^~~~~~
configure:4111: $? = 0
configure:4111: result: yes
configure:4222: checking that generated files are newer than configure
configure:4228: result: done
configure:4251: creating ./config.status

## ---------------------- ##
## Running config.status. ##
## ---------------------- ##

This file was extended by ergo-telescope config.status 1.4, which was
generated by GNU Autoconf 2.71.  Invocation command line was

  CONFIG_FILES    = 
  CONFIG_HEADERS  = 
  CONFIG_LINKS    = 
  CONFIG_COMMANDS = 
  $ ./config.status 

on Iphone-XI

config.status:855: creating Makefile
config.status:855: creating src/Makefile
config.status:855: creating config.h
config.status:1036: config.h is unchanged
config.status:1084: executing depfiles commands
config.status:1161: cd src       && sed -e '/# am--include-marker/d' Makefile         | make -f - am--depfiles
make: Nothing to be done for 'am--depfiles'.
config.status:1166: $? = 0

## ---------------- ##
## Cache variables. ##
## ---------------- ##

ac_cv_c_int32_t=yes
ac_cv_c_uint8_t=yes
ac_cv_cxx_compiler_gnu=yes
ac_cv_env_CCC_set=
ac_cv_env_CCC_value=
ac_cv_env_CPPFLAGS_set=
ac_cv_env_CPPFLAGS_value=
ac_cv_env_CXXFLAGS_set=
ac_cv_env_CXXFLAGS_value=
ac_cv_env_CXX_set=
ac_cv_env_CXX_value=
ac_cv_env_LDFLAGS_set=
ac_cv_env_LDFLAGS_value=
ac_cv_env_LIBS_set=
ac_cv_env_LIBS_value=
ac_cv_env_build_alias_set=
ac_cv_env_build_alias_value=
ac_cv_env_host_alias_set=
ac_cv_env_host_alias_value=
ac_cv_env_target_alias_set=
ac_cv_env_target_alias_value=
ac_cv_func_memset=yes
ac_cv_header_fcntl_h=yes
ac_cv_header_inttypes_h=yes
ac_cv_header_stdint_h=yes
ac_cv_header_stdio_h=yes
ac_cv_header_stdlib_h=yes
ac_cv_header_string_h=yes
ac_cv_header_strings_h=yes
ac_cv_header_sys_stat_h=yes
ac_cv_header_sys_types_h=yes
ac_cv_header_termios_h=yes
ac_cv_header_unistd_h=yes
ac_cv_objext=o
ac_cv_path_install='/usr/bin/install -c'
ac_cv_path_mkdir=/usr/sbin/mkdir
ac_cv_prog_AWK=gawk
ac_cv_prog_ac_ct_CXX=g++
ac_cv_prog_cxx_11=no
ac_cv_prog_cxx_cxx11=
ac_cv_prog_cxx_g=yes
ac_cv_prog_cxx_stdcxx=
ac_cv_prog_make_make_set=yes
ac_cv_type_size_t=yes
ac_cv_type_ssize_t=yes
am_cv_CXX_dependencies_compiler_type=gcc3
am_cv_make_support_nested_variables=yes

## ----------------- ##
## Output variables. ##
## ----------------- ##

ACLOCAL='${SHELL} '\''/home/matt/Projects/Code/ERGO/ergo-telescope/missing'\'' aclocal-1.16'
AMDEPBACKSLASH='\'
AMDEP_FALSE='#'
AMDEP_TRUE=''
AMTAR='$${TAR-tar}'
AM_BACKSLASH='\'
AM_DEFAULT_V='$(AM_DEFAULT_VERBOSITY)'
AM_DEFAULT_VERBOSITY='1'
AM_V='$(V)'
AUTOCONF='${SHELL} '\''/home/matt/Projects/Code/ERGO/ergo-telescope/missing'\'' autoconf'
AUTOHEADER='${SHELL} '\''/home/matt/Projects/Code/ERGO/ergo-telescope/missing'\'' autoheader'
AUTOMAKE='${SHELL} '\''/home/matt/Projects/Code/ERGO/ergo-telescope/missing'\'' automake-1.16'
AWK='gawk'
CPPFLAGS=''
CSCOPE='cscope'
CTAGS='ctags'
CXX='g++'
CXXDEPMODE='depmode=gcc3'
CXXFLAGS='-g -O2 -std=c++0x'
CYGPATH_W='echo'
DEFS='-DHAVE_CONFIG_H'
DEPDIR='.deps'
ECHO_C=''
ECHO_N='-n'
ECHO_T=''
ETAGS='etags'
EXEEXT=''
INSTALL_DATA='${INSTALL} -m 644'
INSTALL_PROGRAM='${INSTALL}'
INSTALL_SCRIPT='${INSTALL}'
INSTALL_STRIP_PROGRAM='$(install_sh) -c -s'
LDFLAGS=''
LIBOBJS=''
LIBS=''
LTLIBOBJS=''
MAKEINFO='${SHELL} '\''/home/matt/Projects/Code/ERGO/ergo-telescope/missing'\'' makeinfo'
MKDIR_P='/usr/sbin/mkdir -p'
OBJEXT='o'
PACKAGE='ergo-telescope'
PACKAGE_BUGREPORT='matthew.d.weger@gmail.com'
PACKAGE_NAME='ergo-telescope'
PACKAGE_STRING='ergo-telescope 1.4'
PACKAGE_TARNAME='ergo-telescope'
PACKAGE_URL=''
PACKAGE_VERSION='1.4'
PATH_SEPARATOR=':'
SET_MAKE=''
SHELL='/bin/sh'
STRIP=''
VERSION='1.4'
ac_ct_CXX='g++'
am__EXEEXT_FALSE=''
am__EXEEXT_TRUE='#'
am__fastdepCXX_FALSE='#'
am__fastdepCXX_TRUE=''
am__include='include'
am__isrc=''
am__leading_dot='.'
am__nodep='_no'
am__quote=''
am__tar='$${TAR-tar} chof - "$$tardir"'
am__untar='$${TAR-tar} xf -'
bindir='${exec_prefix}/bin'
build_alias=''
datadir='${datarootdir}'
datarootdir='${prefix}/share'
docdir='${datarootdir}/doc/${PACKAGE_TARNAME}'
dvidir='${docdir}'
exec_prefix='${prefix}'
host_alias=''
htmldir='${docdir}'
includedir='${prefix}/include'
infodir='${datarootdir}/info'
install_sh='${SHELL} /home/matt/Projects/Code/ERGO/ergo-telescope/install-sh'
libdir='${exec_prefix}/lib'
libexecdir='${exec_prefix}/libexec'
localedir='${datarootdir}/locale'
localstatedir='${prefix}/var'
mandir='${datarootdir}/man'
mkdir_p='$(MKDIR_P)'
oldincludedir='/usr/include'
pdfdir='${docdir}'
prefix='/usr/local'
program_transform_name='s,x,x,'
psdir='${docdir}'
runstatedir='${localstatedir}/run'
sbindir='${exec_prefix}/sbin'
sharedstatedir='${prefix}/com'
sysconfdir='${prefix}/etc'
target_alias=''

## ----------- ##
## confdefs.h. ##
## ----------- ##

/* confdefs.h */
#define PACKAGE_NAME "ergo-telescope"
#define PACKAGE_TARNAME "ergo-telescope"
#define PACKAGE_VERSION "1.4"
#define PACKAGE_STRING "ergo-telescope 1.4"
#define PACKAGE_BUGREPORT "matthew.d.weger@gmail.com"
#define PACKAGE_URL ""
#define PACKAGE "ergo-telescope"
#define VERSION "1.4"
#define HAVE_STDIO_H 1
#define HAVE_STDLIB_H 1
#define HAVE_STRING_H 1
#define HAVE_INTTYPES_H 1
#define HAVE_STDINT_H 1
#define HAVE_STRINGS_H 1
#define HAVE_SYS_STAT_H 1
#define HAVE_SYS_TYPES_H 1
#define HAVE_UNISTD_H 1
#define STDC_HEADERS 1
#define HAVE_FCNTL_H 1
#define HAVE_INTTYPES_H 1
#define HAVE_STDINT_H 1
#define HAVE_STDLIB_H 1
#define HAVE_STRING_H 1
#define HAVE_TERMIOS_H 1
#define HAVE_UNISTD_H 1
#define HAVE_MEMSET 1

configure: exit 0
